<?xml version="1.0" encoding="UTF-8"?>
<!-- Generated by org.testng.reporters.JUnitReportReporter -->
<testsuite hostname="USQROCOROZCOMA1" failures="0" tests="2" name="com.rizzo.qa.tests.NavigationTests" time="47.504" errors="0" timestamp="2024-09-19T21:17:50 CST" skipped="0">
  <testcase classname="com.rizzo.qa.tests.NavigationTests" name="navigateFromHomeToPush" time="25.909"/>
  <testcase classname="com.rizzo.qa.tests.NavigationTests" name="scrollUpAndDown" time="21.595"/>
</testsuite> <!-- com.rizzo.qa.tests.NavigationTests -->
